<?xml version="1.0" encoding="UTF-8"?>
<testsuite xmlns:xsi="http://www.w3.org/2001/XMLSchema-instance" xsi:noNamespaceSchemaLocation="https://maven.apache.org/surefire/maven-surefire-plugin/xsd/surefire-test-report-3.0.xsd" version="3.0" name="com.easybase.generator.GeneratorTest" time="0.26" tests="2" errors="0" skipped="0" failures="0">
  <properties>
[...]
</properties>
  <testcase name="testGenerateUser" classname="com.easybase.generator.GeneratorTest" time="0.242">
    <system-out><![CDATA[Parsing YAML file: /tmp/junit3763706365075189715/user.yml
Generated file: /tmp/junit3763706365075189715/easybase-user/pom.xml
Generated file: /tmp/junit3763706365075189715/easybase-user/src/main/java/com/easybase/user/model/User.java
Generated file: /tmp/junit3763706365075189715/easybase-user/src/main/java/com/easybase/user/model/UserImpl.java
Generated file: /tmp/junit3763706365075189715/easybase-user/src/main/java/com/easybase/user/model/UserWrapper.java
Generated file: /tmp/junit3763706365075189715/easybase-user/src/main/java/com/easybase/user/service/UserService.java
Generated file: /tmp/junit3763706365075189715/easybase-user/src/main/java/com/easybase/user/service/UserServiceImpl.java
Generated file: /tmp/junit3763706365075189715/easybase-user/src/main/java/com/easybase/user/repository/UserRepository.java
Generated file: /tmp/junit3763706365075189715/easybase-user/src/main/java/com/easybase/user/web/UserController.java
Generated file: /tmp/junit3763706365075189715/easybase-user/src/main/java/com/easybase/user/web/dto/UserDTO.java
Generated file: /tmp/junit3763706365075189715/easybase-user/src/main/java/com/easybase/user/web/dto/UserRequestDTO.java
Generated file: /tmp/junit3763706365075189715/easybase-user/src/main/java/com/easybase/user/web/dto/UserResponseDTO.java
Generated file: /tmp/junit3763706365075189715/easybase-user/src/main/java/com/easybase/user/UserApplication.java
Generated file: /tmp/junit3763706365075189715/easybase-user/src/main/resources/db/migration/V1__create_eb_user.sql
Generated file: /tmp/junit3763706365075189715/easybase-user/src/main/resources/META-INF/spring/module-spring.xml
Generated file: /tmp/junit3763706365075189715/easybase-user/src/main/resources/application.yml
Generated file: /tmp/junit3763706365075189715/easybase-user/src/main/java/com/easybase/user/model/enums/UserStatus.java
Code generation completed successfully for: User
]]></system-out>
    <system-err><![CDATA[Warning: Parent pom.xml not found at /tmp/junit3763706365075189715/pom.xml
]]></system-err>
  </testcase>
  <testcase name="testUserYamlParsing" classname="com.easybase.generator.GeneratorTest" time="0.005"/>
</testsuite>